[2026-02-15T23:21:12.909+0000] {taskinstance.py:1956} INFO - Dependencies all met for dep_context=non-requeueable deps ti=<TaskInstance: watchlist_load.extract_trending scheduled__2024-01-01T00:00:00+00:00 [queued]>
[2026-02-15T23:21:12.918+0000] {taskinstance.py:1956} INFO - Dependencies all met for dep_context=requeueable deps ti=<TaskInstance: watchlist_load.extract_trending scheduled__2024-01-01T00:00:00+00:00 [queued]>
[2026-02-15T23:21:12.918+0000] {taskinstance.py:2170} INFO - Starting attempt 1 of 3
[2026-02-15T23:21:12.938+0000] {taskinstance.py:2191} INFO - Executing <Task(PythonOperator): extract_trending> on 2024-01-01 00:00:00+00:00
[2026-02-15T23:21:12.946+0000] {standard_task_runner.py:60} INFO - Started process 121 to run task
[2026-02-15T23:21:12.951+0000] {standard_task_runner.py:87} INFO - Running: ['airflow', 'tasks', 'run', 'watchlist_load', 'extract_trending', 'scheduled__2024-01-01T00:00:00+00:00', '--job-id', '2', '--raw', '--subdir', 'DAGS_FOLDER/watchlist_load.py', '--cfg-path', '/tmp/tmpetoadigy']
[2026-02-15T23:21:12.954+0000] {standard_task_runner.py:88} INFO - Job 2: Subtask extract_trending
[2026-02-15T23:21:13.002+0000] {task_command.py:423} INFO - Running <TaskInstance: watchlist_load.extract_trending scheduled__2024-01-01T00:00:00+00:00 [running]> on host 56072c155466
[2026-02-15T23:21:13.081+0000] {taskinstance.py:2480} INFO - Exporting env vars: AIRFLOW_CTX_DAG_OWNER='airflow' AIRFLOW_CTX_DAG_ID='watchlist_load' AIRFLOW_CTX_TASK_ID='extract_trending' AIRFLOW_CTX_EXECUTION_DATE='2024-01-01T00:00:00+00:00' AIRFLOW_CTX_TRY_NUMBER='1' AIRFLOW_CTX_DAG_RUN_ID='scheduled__2024-01-01T00:00:00+00:00'
[2026-02-15T23:21:13.082+0000] {logging_mixin.py:188} INFO - 🚀 A contactar https://api.coingecko.com/api/v3/search/trending...
[2026-02-15T23:21:14.384+0000] {logging_mixin.py:188} INFO - 💎 Encontradas 15 moedas em tendência.
[2026-02-15T23:21:14.386+0000] {connection.py:473} ERROR - Unable to retrieve connection from secrets backend (EnvironmentVariablesBackend). Checking subsequent secrets backend.
Traceback (most recent call last):
  File "/home/airflow/.local/lib/python3.10/site-packages/airflow/models/connection.py", line 468, in get_connection_from_secrets
    conn = secrets_backend.get_connection(conn_id=conn_id)
  File "/home/airflow/.local/lib/python3.10/site-packages/airflow/secrets/base_secrets.py", line 116, in get_connection
    return self.deserialize_connection(conn_id=conn_id, value=value)
  File "/home/airflow/.local/lib/python3.10/site-packages/airflow/secrets/base_secrets.py", line 70, in deserialize_connection
    return Connection(conn_id=conn_id, uri=value)
  File "<string>", line 4, in __init__
  File "/home/airflow/.local/lib/python3.10/site-packages/sqlalchemy/orm/state.py", line 481, in _initialize_instance
    with util.safe_reraise():
  File "/home/airflow/.local/lib/python3.10/site-packages/sqlalchemy/util/langhelpers.py", line 70, in __exit__
    compat.raise_(
  File "/home/airflow/.local/lib/python3.10/site-packages/sqlalchemy/util/compat.py", line 211, in raise_
    raise exception
  File "/home/airflow/.local/lib/python3.10/site-packages/sqlalchemy/orm/state.py", line 479, in _initialize_instance
    return manager.original_init(*mixed[1:], **kwargs)
  File "/home/airflow/.local/lib/python3.10/site-packages/airflow/models/connection.py", line 129, in __init__
    self._parse_from_uri(uri)
  File "/home/airflow/.local/lib/python3.10/site-packages/airflow/models/connection.py", line 205, in _parse_from_uri
    raise AirflowException(f"Invalid connection string: {uri}.")
airflow.exceptions.AirflowException: Invalid connection string: aws://minio_admin:minio123@?extra__aws__endpoint_url=http://minio:9000.
[2026-02-15T23:21:14.394+0000] {base_aws.py:581} WARNING - Unable to find AWS Connection ID 'minio_s3_conn', switching to empty.
[2026-02-15T23:21:14.396+0000] {base_aws.py:161} INFO - No connection ID provided. Fallback on boto3 credential strategy (region_name=None). See: https://boto3.amazonaws.com/v1/documentation/api/latest/guide/configuration.html
[2026-02-15T23:21:15.392+0000] {logging_mixin.py:188} INFO - ❌ Erro ao extrair trending: Unable to locate credentials
[2026-02-15T23:21:15.393+0000] {taskinstance.py:2698} ERROR - Task failed with exception
Traceback (most recent call last):
  File "/home/airflow/.local/lib/python3.10/site-packages/airflow/models/taskinstance.py", line 433, in _execute_task
    result = execute_callable(context=context, **execute_callable_kwargs)
  File "/home/airflow/.local/lib/python3.10/site-packages/airflow/operators/python.py", line 199, in execute
    return_value = self.execute_callable()
  File "/home/airflow/.local/lib/python3.10/site-packages/airflow/operators/python.py", line 216, in execute_callable
    return self.python_callable(*self.op_args, **self.op_kwargs)
  File "/opt/airflow/dags/watchlist_load.py", line 70, in extract_trending_to_s3
    raise e
  File "/opt/airflow/dags/watchlist_load.py", line 55, in extract_trending_to_s3
    if not s3_hook.check_for_bucket(BUCKET_NAME):
  File "/home/airflow/.local/lib/python3.10/site-packages/airflow/providers/amazon/aws/hooks/s3.py", line 91, in wrapper
    return func(*bound_args.args, **bound_args.kwargs)
  File "/home/airflow/.local/lib/python3.10/site-packages/airflow/providers/amazon/aws/hooks/s3.py", line 281, in check_for_bucket
    self.get_conn().head_bucket(Bucket=bucket_name)
  File "/home/airflow/.local/lib/python3.10/site-packages/botocore/client.py", line 553, in _api_call
    return self._make_api_call(operation_name, kwargs)
  File "/home/airflow/.local/lib/python3.10/site-packages/botocore/client.py", line 989, in _make_api_call
    http, parsed_response = self._make_request(
  File "/home/airflow/.local/lib/python3.10/site-packages/botocore/client.py", line 1015, in _make_request
    return self._endpoint.make_request(operation_model, request_dict)
  File "/home/airflow/.local/lib/python3.10/site-packages/botocore/endpoint.py", line 119, in make_request
    return self._send_request(request_dict, operation_model)
  File "/home/airflow/.local/lib/python3.10/site-packages/botocore/endpoint.py", line 198, in _send_request
    request = self.create_request(request_dict, operation_model)
  File "/home/airflow/.local/lib/python3.10/site-packages/botocore/endpoint.py", line 134, in create_request
    self._event_emitter.emit(
  File "/home/airflow/.local/lib/python3.10/site-packages/botocore/hooks.py", line 412, in emit
    return self._emitter.emit(aliased_event_name, **kwargs)
  File "/home/airflow/.local/lib/python3.10/site-packages/botocore/hooks.py", line 256, in emit
    return self._emit(event_name, kwargs)
  File "/home/airflow/.local/lib/python3.10/site-packages/botocore/hooks.py", line 239, in _emit
    response = handler(**kwargs)
  File "/home/airflow/.local/lib/python3.10/site-packages/botocore/signers.py", line 105, in handler
    return self.sign(operation_name, request)
  File "/home/airflow/.local/lib/python3.10/site-packages/botocore/signers.py", line 195, in sign
    auth.add_auth(request)
  File "/home/airflow/.local/lib/python3.10/site-packages/botocore/auth.py", line 418, in add_auth
    raise NoCredentialsError()
botocore.exceptions.NoCredentialsError: Unable to locate credentials
[2026-02-15T23:21:15.400+0000] {taskinstance.py:1138} INFO - Marking task as UP_FOR_RETRY. dag_id=watchlist_load, task_id=extract_trending, execution_date=20240101T000000, start_date=20260215T232112, end_date=20260215T232115
[2026-02-15T23:21:15.419+0000] {standard_task_runner.py:107} ERROR - Failed to execute job 2 for task extract_trending (Unable to locate credentials; 121)
[2026-02-15T23:21:15.457+0000] {local_task_job_runner.py:234} INFO - Task exited with return code 1
[2026-02-15T23:21:15.481+0000] {taskinstance.py:3280} INFO - 0 downstream tasks scheduled from follow-on schedule check
[2026-02-15T23:30:41.957+0000] {taskinstance.py:1956} INFO - Dependencies all met for dep_context=non-requeueable deps ti=<TaskInstance: watchlist_load.extract_trending scheduled__2024-01-01T00:00:00+00:00 [queued]>
[2026-02-15T23:30:41.965+0000] {taskinstance.py:1956} INFO - Dependencies all met for dep_context=requeueable deps ti=<TaskInstance: watchlist_load.extract_trending scheduled__2024-01-01T00:00:00+00:00 [queued]>
[2026-02-15T23:30:41.966+0000] {taskinstance.py:2170} INFO - Starting attempt 1 of 3
[2026-02-15T23:30:41.986+0000] {taskinstance.py:2191} INFO - Executing <Task(PythonOperator): extract_trending> on 2024-01-01 00:00:00+00:00
[2026-02-15T23:30:41.992+0000] {standard_task_runner.py:60} INFO - Started process 116 to run task
[2026-02-15T23:30:41.996+0000] {standard_task_runner.py:87} INFO - Running: ['airflow', 'tasks', 'run', 'watchlist_load', 'extract_trending', 'scheduled__2024-01-01T00:00:00+00:00', '--job-id', '2', '--raw', '--subdir', 'DAGS_FOLDER/watchlist_load.py', '--cfg-path', '/tmp/tmpp_oiymsh']
[2026-02-15T23:30:42.000+0000] {standard_task_runner.py:88} INFO - Job 2: Subtask extract_trending
[2026-02-15T23:30:42.053+0000] {task_command.py:423} INFO - Running <TaskInstance: watchlist_load.extract_trending scheduled__2024-01-01T00:00:00+00:00 [running]> on host a063c1a6623c
[2026-02-15T23:30:42.136+0000] {taskinstance.py:2480} INFO - Exporting env vars: AIRFLOW_CTX_DAG_OWNER='airflow' AIRFLOW_CTX_DAG_ID='watchlist_load' AIRFLOW_CTX_TASK_ID='extract_trending' AIRFLOW_CTX_EXECUTION_DATE='2024-01-01T00:00:00+00:00' AIRFLOW_CTX_TRY_NUMBER='1' AIRFLOW_CTX_DAG_RUN_ID='scheduled__2024-01-01T00:00:00+00:00'
[2026-02-15T23:30:42.138+0000] {logging_mixin.py:188} INFO - 🚀 A contactar https://api.coingecko.com/api/v3/search/trending...
[2026-02-15T23:30:42.567+0000] {logging_mixin.py:188} INFO - 💎 Encontradas 15 moedas em tendência.
[2026-02-15T23:30:42.570+0000] {crypto.py:82} WARNING - empty cryptography key - values will not be stored encrypted.
[2026-02-15T23:30:42.572+0000] {base.py:83} INFO - Using connection ID 'minio_s3_conn' for task execution.
[2026-02-15T23:30:42.573+0000] {connection_wrapper.py:378} INFO - AWS Connection (conn_id='minio_s3_conn', conn_type='aws') credentials retrieved from login and password.
[2026-02-15T23:30:43.225+0000] {s3.py:291} INFO - Bucket "coingecko-raw" does not exist
[2026-02-15T23:30:43.226+0000] {logging_mixin.py:188} INFO - 🪣 Bucket coingecko-raw não encontrado. A criar...
[2026-02-15T23:30:43.302+0000] {logging_mixin.py:188} INFO - ✅ Upload feito para s3://coingecko-raw/trending/20240101T000000.json
[2026-02-15T23:30:43.306+0000] {python.py:201} INFO - Done. Returned value was: trending/20240101T000000.json
[2026-02-15T23:30:43.329+0000] {taskinstance.py:1138} INFO - Marking task as SUCCESS. dag_id=watchlist_load, task_id=extract_trending, execution_date=20240101T000000, start_date=20260215T233041, end_date=20260215T233043
[2026-02-15T23:30:43.379+0000] {local_task_job_runner.py:234} INFO - Task exited with return code 0
[2026-02-15T23:30:43.402+0000] {taskinstance.py:3280} INFO - 1 downstream tasks scheduled from follow-on schedule check
[2026-02-15T23:54:36.271+0000] {taskinstance.py:1956} INFO - Dependencies all met for dep_context=non-requeueable deps ti=<TaskInstance: watchlist_load.extract_trending scheduled__2024-01-01T00:00:00+00:00 [queued]>
[2026-02-15T23:54:36.280+0000] {taskinstance.py:1956} INFO - Dependencies all met for dep_context=requeueable deps ti=<TaskInstance: watchlist_load.extract_trending scheduled__2024-01-01T00:00:00+00:00 [queued]>
[2026-02-15T23:54:36.281+0000] {taskinstance.py:2170} INFO - Starting attempt 1 of 3
[2026-02-15T23:54:36.302+0000] {taskinstance.py:2191} INFO - Executing <Task(PythonOperator): extract_trending> on 2024-01-01 00:00:00+00:00
[2026-02-15T23:54:36.309+0000] {standard_task_runner.py:60} INFO - Started process 122 to run task
[2026-02-15T23:54:36.317+0000] {standard_task_runner.py:87} INFO - Running: ['airflow', 'tasks', 'run', 'watchlist_load', 'extract_trending', 'scheduled__2024-01-01T00:00:00+00:00', '--job-id', '2', '--raw', '--subdir', 'DAGS_FOLDER/watchlist_load.py', '--cfg-path', '/tmp/tmp3j8pqftl']
[2026-02-15T23:54:36.320+0000] {standard_task_runner.py:88} INFO - Job 2: Subtask extract_trending
[2026-02-15T23:54:36.377+0000] {task_command.py:423} INFO - Running <TaskInstance: watchlist_load.extract_trending scheduled__2024-01-01T00:00:00+00:00 [running]> on host b609642a0360
[2026-02-15T23:54:36.460+0000] {taskinstance.py:2480} INFO - Exporting env vars: AIRFLOW_CTX_DAG_OWNER='airflow' AIRFLOW_CTX_DAG_ID='watchlist_load' AIRFLOW_CTX_TASK_ID='extract_trending' AIRFLOW_CTX_EXECUTION_DATE='2024-01-01T00:00:00+00:00' AIRFLOW_CTX_TRY_NUMBER='1' AIRFLOW_CTX_DAG_RUN_ID='scheduled__2024-01-01T00:00:00+00:00'
[2026-02-15T23:54:36.462+0000] {logging_mixin.py:188} INFO - 🚀 A contactar https://api.coingecko.com/api/v3/search/trending...
[2026-02-15T23:54:36.959+0000] {logging_mixin.py:188} INFO - 💎 Encontradas 15 moedas em tendência.
[2026-02-15T23:54:36.962+0000] {crypto.py:82} WARNING - empty cryptography key - values will not be stored encrypted.
[2026-02-15T23:54:36.964+0000] {base.py:83} INFO - Using connection ID 'minio_s3_conn' for task execution.
[2026-02-15T23:54:36.967+0000] {connection_wrapper.py:378} INFO - AWS Connection (conn_id='minio_s3_conn', conn_type='aws') credentials retrieved from login and password.
[2026-02-15T23:54:37.725+0000] {s3.py:291} INFO - Bucket "coingecko-raw" does not exist
[2026-02-15T23:54:37.726+0000] {logging_mixin.py:188} INFO - 🪣 Bucket coingecko-raw não encontrado. A criar...
[2026-02-15T23:54:37.760+0000] {logging_mixin.py:188} INFO - ✅ Upload feito para s3://coingecko-raw/trending/20240101T000000.json
[2026-02-15T23:54:37.764+0000] {python.py:201} INFO - Done. Returned value was: trending/20240101T000000.json
[2026-02-15T23:54:37.785+0000] {taskinstance.py:1138} INFO - Marking task as SUCCESS. dag_id=watchlist_load, task_id=extract_trending, execution_date=20240101T000000, start_date=20260215T235436, end_date=20260215T235437
[2026-02-15T23:54:37.818+0000] {local_task_job_runner.py:234} INFO - Task exited with return code 0
[2026-02-15T23:54:37.843+0000] {taskinstance.py:3280} INFO - 1 downstream tasks scheduled from follow-on schedule check
