[2026-02-15T23:54:46.731+0000] {taskinstance.py:1956} INFO - Dependencies all met for dep_context=non-requeueable deps ti=<TaskInstance: watchlist_load.create_watchlist scheduled__2024-01-01T00:00:00+00:00 [queued]>
[2026-02-15T23:54:46.738+0000] {taskinstance.py:1956} INFO - Dependencies all met for dep_context=requeueable deps ti=<TaskInstance: watchlist_load.create_watchlist scheduled__2024-01-01T00:00:00+00:00 [queued]>
[2026-02-15T23:54:46.739+0000] {taskinstance.py:2170} INFO - Starting attempt 1 of 3
[2026-02-15T23:54:46.756+0000] {taskinstance.py:2191} INFO - Executing <Task(PythonOperator): create_watchlist> on 2024-01-01 00:00:00+00:00
[2026-02-15T23:54:46.761+0000] {standard_task_runner.py:60} INFO - Started process 160 to run task
[2026-02-15T23:54:46.764+0000] {standard_task_runner.py:87} INFO - Running: ['airflow', 'tasks', 'run', 'watchlist_load', 'create_watchlist', 'scheduled__2024-01-01T00:00:00+00:00', '--job-id', '4', '--raw', '--subdir', 'DAGS_FOLDER/watchlist_load.py', '--cfg-path', '/tmp/tmpvu6vjo_h']
[2026-02-15T23:54:46.767+0000] {standard_task_runner.py:88} INFO - Job 4: Subtask create_watchlist
[2026-02-15T23:54:46.811+0000] {task_command.py:423} INFO - Running <TaskInstance: watchlist_load.create_watchlist scheduled__2024-01-01T00:00:00+00:00 [running]> on host b609642a0360
[2026-02-15T23:54:46.876+0000] {taskinstance.py:2480} INFO - Exporting env vars: AIRFLOW_CTX_DAG_OWNER='airflow' AIRFLOW_CTX_DAG_ID='watchlist_load' AIRFLOW_CTX_TASK_ID='create_watchlist' AIRFLOW_CTX_EXECUTION_DATE='2024-01-01T00:00:00+00:00' AIRFLOW_CTX_TRY_NUMBER='1' AIRFLOW_CTX_DAG_RUN_ID='scheduled__2024-01-01T00:00:00+00:00'
[2026-02-15T23:54:46.884+0000] {crypto.py:82} WARNING - empty cryptography key - values will not be stored encrypted.
[2026-02-15T23:54:46.886+0000] {base.py:83} INFO - Using connection ID 'minio_s3_conn' for task execution.
[2026-02-15T23:54:46.888+0000] {connection_wrapper.py:378} INFO - AWS Connection (conn_id='minio_s3_conn', conn_type='aws') credentials retrieved from login and password.
[2026-02-15T23:54:47.024+0000] {base.py:83} INFO - Using connection ID 'postgres_dw' for task execution.
[2026-02-15T23:54:47.040+0000] {logging_mixin.py:188} INFO - ✅ Watchlist criada! 15 novas moedas adicionadas.
[2026-02-15T23:54:47.041+0000] {python.py:201} INFO - Done. Returned value was: None
[2026-02-15T23:54:47.045+0000] {taskinstance.py:1138} INFO - Marking task as SUCCESS. dag_id=watchlist_load, task_id=create_watchlist, execution_date=20240101T000000, start_date=20260215T235446, end_date=20260215T235447
[2026-02-15T23:54:47.100+0000] {local_task_job_runner.py:234} INFO - Task exited with return code 0
[2026-02-15T23:54:47.113+0000] {taskinstance.py:3280} INFO - 0 downstream tasks scheduled from follow-on schedule check
[2026-02-16T19:57:01.304+0000] {taskinstance.py:1956} INFO - Dependencies all met for dep_context=non-requeueable deps ti=<TaskInstance: watchlist_load.create_watchlist scheduled__2024-01-01T00:00:00+00:00 [queued]>
[2026-02-16T19:57:01.312+0000] {taskinstance.py:1956} INFO - Dependencies all met for dep_context=requeueable deps ti=<TaskInstance: watchlist_load.create_watchlist scheduled__2024-01-01T00:00:00+00:00 [queued]>
[2026-02-16T19:57:01.313+0000] {taskinstance.py:2170} INFO - Starting attempt 1 of 3
[2026-02-16T19:57:01.330+0000] {taskinstance.py:2191} INFO - Executing <Task(PythonOperator): create_watchlist> on 2024-01-01 00:00:00+00:00
[2026-02-16T19:57:01.336+0000] {standard_task_runner.py:60} INFO - Started process 159 to run task
[2026-02-16T19:57:01.341+0000] {standard_task_runner.py:87} INFO - Running: ['airflow', 'tasks', 'run', 'watchlist_load', 'create_watchlist', 'scheduled__2024-01-01T00:00:00+00:00', '--job-id', '4', '--raw', '--subdir', 'DAGS_FOLDER/watchlist_load.py', '--cfg-path', '/tmp/tmp0o1b0xh3']
[2026-02-16T19:57:01.344+0000] {standard_task_runner.py:88} INFO - Job 4: Subtask create_watchlist
[2026-02-16T19:57:01.390+0000] {task_command.py:423} INFO - Running <TaskInstance: watchlist_load.create_watchlist scheduled__2024-01-01T00:00:00+00:00 [running]> on host 40897aeeaf74
[2026-02-16T19:57:01.455+0000] {taskinstance.py:2480} INFO - Exporting env vars: AIRFLOW_CTX_DAG_OWNER='airflow' AIRFLOW_CTX_DAG_ID='watchlist_load' AIRFLOW_CTX_TASK_ID='create_watchlist' AIRFLOW_CTX_EXECUTION_DATE='2024-01-01T00:00:00+00:00' AIRFLOW_CTX_TRY_NUMBER='1' AIRFLOW_CTX_DAG_RUN_ID='scheduled__2024-01-01T00:00:00+00:00'
[2026-02-16T19:57:01.463+0000] {crypto.py:82} WARNING - empty cryptography key - values will not be stored encrypted.
[2026-02-16T19:57:01.465+0000] {base.py:83} INFO - Using connection ID 'minio_s3_conn' for task execution.
[2026-02-16T19:57:01.466+0000] {connection_wrapper.py:378} INFO - AWS Connection (conn_id='minio_s3_conn', conn_type='aws') credentials retrieved from login and password.
[2026-02-16T19:57:01.644+0000] {base.py:83} INFO - Using connection ID 'postgres_dw' for task execution.
[2026-02-16T19:57:01.667+0000] {logging_mixin.py:188} INFO - ✅ Watchlist criada! 15 novas moedas adicionadas.
[2026-02-16T19:57:01.668+0000] {python.py:201} INFO - Done. Returned value was: None
[2026-02-16T19:57:01.674+0000] {taskinstance.py:1138} INFO - Marking task as SUCCESS. dag_id=watchlist_load, task_id=create_watchlist, execution_date=20240101T000000, start_date=20260216T195701, end_date=20260216T195701
[2026-02-16T19:57:01.716+0000] {local_task_job_runner.py:234} INFO - Task exited with return code 0
[2026-02-16T19:57:01.731+0000] {taskinstance.py:3280} INFO - 0 downstream tasks scheduled from follow-on schedule check
[2026-02-19T19:16:08.894+0000] {taskinstance.py:1956} INFO - Dependencies all met for dep_context=non-requeueable deps ti=<TaskInstance: watchlist_load.create_watchlist scheduled__2024-01-01T00:00:00+00:00 [queued]>
[2026-02-19T19:16:08.904+0000] {taskinstance.py:1956} INFO - Dependencies all met for dep_context=requeueable deps ti=<TaskInstance: watchlist_load.create_watchlist scheduled__2024-01-01T00:00:00+00:00 [queued]>
[2026-02-19T19:16:08.905+0000] {taskinstance.py:2170} INFO - Starting attempt 1 of 3
[2026-02-19T19:16:08.923+0000] {taskinstance.py:2191} INFO - Executing <Task(PythonOperator): create_watchlist> on 2024-01-01 00:00:00+00:00
[2026-02-19T19:16:08.928+0000] {standard_task_runner.py:60} INFO - Started process 163 to run task
[2026-02-19T19:16:08.933+0000] {standard_task_runner.py:87} INFO - Running: ['airflow', 'tasks', 'run', 'watchlist_load', 'create_watchlist', 'scheduled__2024-01-01T00:00:00+00:00', '--job-id', '4', '--raw', '--subdir', 'DAGS_FOLDER/watchlist_load.py', '--cfg-path', '/tmp/tmpq6jkxz7h']
[2026-02-19T19:16:08.935+0000] {standard_task_runner.py:88} INFO - Job 4: Subtask create_watchlist
[2026-02-19T19:16:08.982+0000] {task_command.py:423} INFO - Running <TaskInstance: watchlist_load.create_watchlist scheduled__2024-01-01T00:00:00+00:00 [running]> on host 39b7de184c1f
[2026-02-19T19:16:09.045+0000] {taskinstance.py:2480} INFO - Exporting env vars: AIRFLOW_CTX_DAG_OWNER='airflow' AIRFLOW_CTX_DAG_ID='watchlist_load' AIRFLOW_CTX_TASK_ID='create_watchlist' AIRFLOW_CTX_EXECUTION_DATE='2024-01-01T00:00:00+00:00' AIRFLOW_CTX_TRY_NUMBER='1' AIRFLOW_CTX_DAG_RUN_ID='scheduled__2024-01-01T00:00:00+00:00'
[2026-02-19T19:16:09.052+0000] {crypto.py:82} WARNING - empty cryptography key - values will not be stored encrypted.
[2026-02-19T19:16:09.054+0000] {base.py:83} INFO - Using connection ID 'minio_s3_conn' for task execution.
[2026-02-19T19:16:09.055+0000] {connection_wrapper.py:378} INFO - AWS Connection (conn_id='minio_s3_conn', conn_type='aws') credentials retrieved from login and password.
[2026-02-19T19:16:09.212+0000] {base.py:83} INFO - Using connection ID 'postgres_dw' for task execution.
[2026-02-19T19:16:09.264+0000] {logging_mixin.py:188} INFO - ✅ Watchlist criada! 15 novas moedas adicionadas.
[2026-02-19T19:16:09.264+0000] {python.py:201} INFO - Done. Returned value was: None
[2026-02-19T19:16:09.270+0000] {taskinstance.py:1138} INFO - Marking task as SUCCESS. dag_id=watchlist_load, task_id=create_watchlist, execution_date=20240101T000000, start_date=20260219T191608, end_date=20260219T191609
[2026-02-19T19:16:09.308+0000] {local_task_job_runner.py:234} INFO - Task exited with return code 0
[2026-02-19T19:16:09.320+0000] {taskinstance.py:3280} INFO - 0 downstream tasks scheduled from follow-on schedule check
[2026-02-19T19:45:09.702+0000] {taskinstance.py:1956} INFO - Dependencies all met for dep_context=non-requeueable deps ti=<TaskInstance: watchlist_load.create_watchlist scheduled__2024-01-01T00:00:00+00:00 [queued]>
[2026-02-19T19:45:09.708+0000] {taskinstance.py:1956} INFO - Dependencies all met for dep_context=requeueable deps ti=<TaskInstance: watchlist_load.create_watchlist scheduled__2024-01-01T00:00:00+00:00 [queued]>
[2026-02-19T19:45:09.709+0000] {taskinstance.py:2170} INFO - Starting attempt 1 of 3
[2026-02-19T19:45:09.724+0000] {taskinstance.py:2191} INFO - Executing <Task(PythonOperator): create_watchlist> on 2024-01-01 00:00:00+00:00
[2026-02-19T19:45:09.729+0000] {standard_task_runner.py:60} INFO - Started process 155 to run task
[2026-02-19T19:45:09.734+0000] {standard_task_runner.py:87} INFO - Running: ['airflow', 'tasks', 'run', 'watchlist_load', 'create_watchlist', 'scheduled__2024-01-01T00:00:00+00:00', '--job-id', '4', '--raw', '--subdir', 'DAGS_FOLDER/watchlist_load.py', '--cfg-path', '/tmp/tmp10xshd58']
[2026-02-19T19:45:09.736+0000] {standard_task_runner.py:88} INFO - Job 4: Subtask create_watchlist
[2026-02-19T19:45:09.784+0000] {task_command.py:423} INFO - Running <TaskInstance: watchlist_load.create_watchlist scheduled__2024-01-01T00:00:00+00:00 [running]> on host 31d5c318ba62
[2026-02-19T19:45:09.844+0000] {taskinstance.py:2480} INFO - Exporting env vars: AIRFLOW_CTX_DAG_OWNER='airflow' AIRFLOW_CTX_DAG_ID='watchlist_load' AIRFLOW_CTX_TASK_ID='create_watchlist' AIRFLOW_CTX_EXECUTION_DATE='2024-01-01T00:00:00+00:00' AIRFLOW_CTX_TRY_NUMBER='1' AIRFLOW_CTX_DAG_RUN_ID='scheduled__2024-01-01T00:00:00+00:00'
[2026-02-19T19:45:09.850+0000] {crypto.py:82} WARNING - empty cryptography key - values will not be stored encrypted.
[2026-02-19T19:45:09.852+0000] {base.py:83} INFO - Using connection ID 'minio_s3_conn' for task execution.
[2026-02-19T19:45:09.853+0000] {connection_wrapper.py:378} INFO - AWS Connection (conn_id='minio_s3_conn', conn_type='aws') credentials retrieved from login and password.
[2026-02-19T19:45:09.990+0000] {base.py:83} INFO - Using connection ID 'postgres_dw' for task execution.
[2026-02-19T19:45:10.015+0000] {logging_mixin.py:188} INFO - ✅ Watchlist criada! 15 novas moedas adicionadas.
[2026-02-19T19:45:10.016+0000] {python.py:201} INFO - Done. Returned value was: None
[2026-02-19T19:45:10.021+0000] {taskinstance.py:1138} INFO - Marking task as SUCCESS. dag_id=watchlist_load, task_id=create_watchlist, execution_date=20240101T000000, start_date=20260219T194509, end_date=20260219T194510
[2026-02-19T19:45:10.068+0000] {local_task_job_runner.py:234} INFO - Task exited with return code 0
[2026-02-19T19:45:10.079+0000] {taskinstance.py:3280} INFO - 0 downstream tasks scheduled from follow-on schedule check
[2026-02-21T11:53:50.545+0000] {taskinstance.py:1956} INFO - Dependencies all met for dep_context=non-requeueable deps ti=<TaskInstance: watchlist_load.create_watchlist scheduled__2024-01-01T00:00:00+00:00 [queued]>
[2026-02-21T11:53:50.555+0000] {taskinstance.py:1956} INFO - Dependencies all met for dep_context=requeueable deps ti=<TaskInstance: watchlist_load.create_watchlist scheduled__2024-01-01T00:00:00+00:00 [queued]>
[2026-02-21T11:53:50.556+0000] {taskinstance.py:2170} INFO - Starting attempt 1 of 3
[2026-02-21T11:53:50.568+0000] {taskinstance.py:2191} INFO - Executing <Task(PythonOperator): create_watchlist> on 2024-01-01 00:00:00+00:00
[2026-02-21T11:53:50.573+0000] {standard_task_runner.py:60} INFO - Started process 288 to run task
[2026-02-21T11:53:50.576+0000] {standard_task_runner.py:87} INFO - Running: ['airflow', 'tasks', 'run', 'watchlist_load', 'create_watchlist', 'scheduled__2024-01-01T00:00:00+00:00', '--job-id', '3', '--raw', '--subdir', 'DAGS_FOLDER/watchlist_load.py', '--cfg-path', '/tmp/tmpi8412n2z']
[2026-02-21T11:53:50.578+0000] {standard_task_runner.py:88} INFO - Job 3: Subtask create_watchlist
[2026-02-21T11:53:50.632+0000] {task_command.py:423} INFO - Running <TaskInstance: watchlist_load.create_watchlist scheduled__2024-01-01T00:00:00+00:00 [running]> on host 9d7cffece786
[2026-02-21T11:53:50.706+0000] {taskinstance.py:2480} INFO - Exporting env vars: AIRFLOW_CTX_DAG_OWNER='airflow' AIRFLOW_CTX_DAG_ID='watchlist_load' AIRFLOW_CTX_TASK_ID='create_watchlist' AIRFLOW_CTX_EXECUTION_DATE='2024-01-01T00:00:00+00:00' AIRFLOW_CTX_TRY_NUMBER='1' AIRFLOW_CTX_DAG_RUN_ID='scheduled__2024-01-01T00:00:00+00:00'
[2026-02-21T11:53:50.719+0000] {crypto.py:82} WARNING - empty cryptography key - values will not be stored encrypted.
[2026-02-21T11:53:50.721+0000] {base.py:83} INFO - Using connection ID 'minio_s3_conn' for task execution.
[2026-02-21T11:53:50.722+0000] {connection_wrapper.py:378} INFO - AWS Connection (conn_id='minio_s3_conn', conn_type='aws') credentials retrieved from login and password.
[2026-02-21T11:53:51.035+0000] {base.py:83} INFO - Using connection ID 'postgres_dw' for task execution.
[2026-02-21T11:53:51.044+0000] {logging_mixin.py:188} INFO - ✅ Watchlist criada! 15 novas moedas adicionadas.
[2026-02-21T11:53:51.044+0000] {python.py:201} INFO - Done. Returned value was: None
[2026-02-21T11:53:51.055+0000] {taskinstance.py:1138} INFO - Marking task as SUCCESS. dag_id=watchlist_load, task_id=create_watchlist, execution_date=20240101T000000, start_date=20260221T115350, end_date=20260221T115351
[2026-02-21T11:53:51.110+0000] {local_task_job_runner.py:234} INFO - Task exited with return code 0
[2026-02-21T11:53:51.127+0000] {taskinstance.py:3280} INFO - 0 downstream tasks scheduled from follow-on schedule check
[2026-02-21T18:36:39.484+0000] {taskinstance.py:1956} INFO - Dependencies all met for dep_context=non-requeueable deps ti=<TaskInstance: watchlist_load.create_watchlist scheduled__2024-01-01T00:00:00+00:00 [queued]>
[2026-02-21T18:36:39.493+0000] {taskinstance.py:1956} INFO - Dependencies all met for dep_context=requeueable deps ti=<TaskInstance: watchlist_load.create_watchlist scheduled__2024-01-01T00:00:00+00:00 [queued]>
[2026-02-21T18:36:39.493+0000] {taskinstance.py:2170} INFO - Starting attempt 1 of 3
[2026-02-21T18:36:39.505+0000] {taskinstance.py:2191} INFO - Executing <Task(PythonOperator): create_watchlist> on 2024-01-01 00:00:00+00:00
[2026-02-21T18:36:39.509+0000] {standard_task_runner.py:60} INFO - Started process 299 to run task
[2026-02-21T18:36:39.512+0000] {standard_task_runner.py:87} INFO - Running: ['airflow', 'tasks', 'run', 'watchlist_load', 'create_watchlist', 'scheduled__2024-01-01T00:00:00+00:00', '--job-id', '3', '--raw', '--subdir', 'DAGS_FOLDER/watchlist_load.py', '--cfg-path', '/tmp/tmpbhzsceqq']
[2026-02-21T18:36:39.514+0000] {standard_task_runner.py:88} INFO - Job 3: Subtask create_watchlist
[2026-02-21T18:36:39.558+0000] {task_command.py:423} INFO - Running <TaskInstance: watchlist_load.create_watchlist scheduled__2024-01-01T00:00:00+00:00 [running]> on host bb19986acb80
[2026-02-21T18:36:39.626+0000] {taskinstance.py:2480} INFO - Exporting env vars: AIRFLOW_CTX_DAG_OWNER='airflow' AIRFLOW_CTX_DAG_ID='watchlist_load' AIRFLOW_CTX_TASK_ID='create_watchlist' AIRFLOW_CTX_EXECUTION_DATE='2024-01-01T00:00:00+00:00' AIRFLOW_CTX_TRY_NUMBER='1' AIRFLOW_CTX_DAG_RUN_ID='scheduled__2024-01-01T00:00:00+00:00'
[2026-02-21T18:36:39.638+0000] {crypto.py:82} WARNING - empty cryptography key - values will not be stored encrypted.
[2026-02-21T18:36:39.640+0000] {base.py:83} INFO - Using connection ID 'minio_s3_conn' for task execution.
[2026-02-21T18:36:39.640+0000] {connection_wrapper.py:378} INFO - AWS Connection (conn_id='minio_s3_conn', conn_type='aws') credentials retrieved from login and password.
[2026-02-21T18:36:39.930+0000] {base.py:83} INFO - Using connection ID 'postgres_dw' for task execution.
[2026-02-21T18:36:39.939+0000] {logging_mixin.py:188} INFO - ✅ Watchlist criada! 15 novas moedas adicionadas.
[2026-02-21T18:36:39.939+0000] {python.py:201} INFO - Done. Returned value was: None
[2026-02-21T18:36:39.948+0000] {taskinstance.py:1138} INFO - Marking task as SUCCESS. dag_id=watchlist_load, task_id=create_watchlist, execution_date=20240101T000000, start_date=20260221T183639, end_date=20260221T183639
[2026-02-21T18:36:40.006+0000] {local_task_job_runner.py:234} INFO - Task exited with return code 0
[2026-02-21T18:36:40.020+0000] {taskinstance.py:3280} INFO - 0 downstream tasks scheduled from follow-on schedule check
[2026-02-21T18:42:14.839+0000] {taskinstance.py:1956} INFO - Dependencies all met for dep_context=non-requeueable deps ti=<TaskInstance: watchlist_load.create_watchlist scheduled__2024-01-01T00:00:00+00:00 [queued]>
[2026-02-21T18:42:14.846+0000] {taskinstance.py:1956} INFO - Dependencies all met for dep_context=requeueable deps ti=<TaskInstance: watchlist_load.create_watchlist scheduled__2024-01-01T00:00:00+00:00 [queued]>
[2026-02-21T18:42:14.847+0000] {taskinstance.py:2170} INFO - Starting attempt 1 of 3
[2026-02-21T18:42:14.858+0000] {taskinstance.py:2191} INFO - Executing <Task(PythonOperator): create_watchlist> on 2024-01-01 00:00:00+00:00
[2026-02-21T18:42:14.862+0000] {standard_task_runner.py:60} INFO - Started process 305 to run task
[2026-02-21T18:42:14.865+0000] {standard_task_runner.py:87} INFO - Running: ['airflow', 'tasks', 'run', 'watchlist_load', 'create_watchlist', 'scheduled__2024-01-01T00:00:00+00:00', '--job-id', '3', '--raw', '--subdir', 'DAGS_FOLDER/watchlist_load.py', '--cfg-path', '/tmp/tmp5txm8vq_']
[2026-02-21T18:42:14.866+0000] {standard_task_runner.py:88} INFO - Job 3: Subtask create_watchlist
[2026-02-21T18:42:14.908+0000] {task_command.py:423} INFO - Running <TaskInstance: watchlist_load.create_watchlist scheduled__2024-01-01T00:00:00+00:00 [running]> on host 33e5795b403a
[2026-02-21T18:42:14.974+0000] {taskinstance.py:2480} INFO - Exporting env vars: AIRFLOW_CTX_DAG_OWNER='airflow' AIRFLOW_CTX_DAG_ID='watchlist_load' AIRFLOW_CTX_TASK_ID='create_watchlist' AIRFLOW_CTX_EXECUTION_DATE='2024-01-01T00:00:00+00:00' AIRFLOW_CTX_TRY_NUMBER='1' AIRFLOW_CTX_DAG_RUN_ID='scheduled__2024-01-01T00:00:00+00:00'
[2026-02-21T18:42:14.986+0000] {crypto.py:82} WARNING - empty cryptography key - values will not be stored encrypted.
[2026-02-21T18:42:14.987+0000] {base.py:83} INFO - Using connection ID 'minio_s3_conn' for task execution.
[2026-02-21T18:42:14.988+0000] {connection_wrapper.py:378} INFO - AWS Connection (conn_id='minio_s3_conn', conn_type='aws') credentials retrieved from login and password.
[2026-02-21T18:42:15.227+0000] {base.py:83} INFO - Using connection ID 'postgres_dw' for task execution.
[2026-02-21T18:42:15.235+0000] {logging_mixin.py:188} INFO - ✅ Watchlist criada! 15 novas moedas adicionadas.
[2026-02-21T18:42:15.236+0000] {python.py:201} INFO - Done. Returned value was: None
[2026-02-21T18:42:15.245+0000] {taskinstance.py:1138} INFO - Marking task as SUCCESS. dag_id=watchlist_load, task_id=create_watchlist, execution_date=20240101T000000, start_date=20260221T184214, end_date=20260221T184215
[2026-02-21T18:42:15.278+0000] {local_task_job_runner.py:234} INFO - Task exited with return code 0
[2026-02-21T18:42:15.293+0000] {taskinstance.py:3280} INFO - 0 downstream tasks scheduled from follow-on schedule check
[2026-02-21T19:39:30.934+0000] {taskinstance.py:1956} INFO - Dependencies all met for dep_context=non-requeueable deps ti=<TaskInstance: watchlist_load.create_watchlist scheduled__2024-01-01T00:00:00+00:00 [queued]>
[2026-02-21T19:39:30.943+0000] {taskinstance.py:1956} INFO - Dependencies all met for dep_context=requeueable deps ti=<TaskInstance: watchlist_load.create_watchlist scheduled__2024-01-01T00:00:00+00:00 [queued]>
[2026-02-21T19:39:30.944+0000] {taskinstance.py:2170} INFO - Starting attempt 1 of 3
[2026-02-21T19:39:30.958+0000] {taskinstance.py:2191} INFO - Executing <Task(PythonOperator): create_watchlist> on 2024-01-01 00:00:00+00:00
[2026-02-21T19:39:30.964+0000] {standard_task_runner.py:60} INFO - Started process 193 to run task
[2026-02-21T19:39:30.967+0000] {standard_task_runner.py:87} INFO - Running: ['airflow', 'tasks', 'run', 'watchlist_load', 'create_watchlist', 'scheduled__2024-01-01T00:00:00+00:00', '--job-id', '3', '--raw', '--subdir', 'DAGS_FOLDER/watchlist_load.py', '--cfg-path', '/tmp/tmpqyo5f19c']
[2026-02-21T19:39:30.969+0000] {standard_task_runner.py:88} INFO - Job 3: Subtask create_watchlist
[2026-02-21T19:39:31.015+0000] {task_command.py:423} INFO - Running <TaskInstance: watchlist_load.create_watchlist scheduled__2024-01-01T00:00:00+00:00 [running]> on host fca0b026f303
[2026-02-21T19:39:31.087+0000] {taskinstance.py:2480} INFO - Exporting env vars: AIRFLOW_CTX_DAG_OWNER='airflow' AIRFLOW_CTX_DAG_ID='watchlist_load' AIRFLOW_CTX_TASK_ID='create_watchlist' AIRFLOW_CTX_EXECUTION_DATE='2024-01-01T00:00:00+00:00' AIRFLOW_CTX_TRY_NUMBER='1' AIRFLOW_CTX_DAG_RUN_ID='scheduled__2024-01-01T00:00:00+00:00'
[2026-02-21T19:39:31.098+0000] {crypto.py:82} WARNING - empty cryptography key - values will not be stored encrypted.
[2026-02-21T19:39:31.099+0000] {base.py:83} INFO - Using connection ID 'minio_s3_conn' for task execution.
[2026-02-21T19:39:31.100+0000] {connection_wrapper.py:378} INFO - AWS Connection (conn_id='minio_s3_conn', conn_type='aws') credentials retrieved from login and password.
[2026-02-21T19:39:31.363+0000] {base.py:83} INFO - Using connection ID 'postgres_dw' for task execution.
[2026-02-21T19:39:31.372+0000] {logging_mixin.py:188} INFO - ✅ Watchlist criada! 15 novas moedas adicionadas.
[2026-02-21T19:39:31.373+0000] {python.py:201} INFO - Done. Returned value was: None
[2026-02-21T19:39:31.383+0000] {taskinstance.py:1138} INFO - Marking task as SUCCESS. dag_id=watchlist_load, task_id=create_watchlist, execution_date=20240101T000000, start_date=20260221T193930, end_date=20260221T193931
[2026-02-21T19:39:31.421+0000] {local_task_job_runner.py:234} INFO - Task exited with return code 0
[2026-02-21T19:39:31.436+0000] {taskinstance.py:3280} INFO - 0 downstream tasks scheduled from follow-on schedule check
