[2026-02-15T23:30:48.628+0000] {taskinstance.py:1956} INFO - Dependencies all met for dep_context=non-requeueable deps ti=<TaskInstance: watchlist_load.update_watchlist scheduled__2024-01-01T00:00:00+00:00 [queued]>
[2026-02-15T23:30:48.636+0000] {taskinstance.py:1956} INFO - Dependencies all met for dep_context=requeueable deps ti=<TaskInstance: watchlist_load.update_watchlist scheduled__2024-01-01T00:00:00+00:00 [queued]>
[2026-02-15T23:30:48.637+0000] {taskinstance.py:2170} INFO - Starting attempt 1 of 3
[2026-02-15T23:30:48.656+0000] {taskinstance.py:2191} INFO - Executing <Task(PythonOperator): update_watchlist> on 2024-01-01 00:00:00+00:00
[2026-02-15T23:30:48.662+0000] {standard_task_runner.py:60} INFO - Started process 136 to run task
[2026-02-15T23:30:48.666+0000] {standard_task_runner.py:87} INFO - Running: ['airflow', 'tasks', 'run', 'watchlist_load', 'update_watchlist', 'scheduled__2024-01-01T00:00:00+00:00', '--job-id', '3', '--raw', '--subdir', 'DAGS_FOLDER/watchlist_load.py', '--cfg-path', '/tmp/tmpftyvctmr']
[2026-02-15T23:30:48.669+0000] {standard_task_runner.py:88} INFO - Job 3: Subtask update_watchlist
[2026-02-15T23:30:48.718+0000] {task_command.py:423} INFO - Running <TaskInstance: watchlist_load.update_watchlist scheduled__2024-01-01T00:00:00+00:00 [running]> on host a063c1a6623c
[2026-02-15T23:30:48.812+0000] {taskinstance.py:2480} INFO - Exporting env vars: AIRFLOW_CTX_DAG_OWNER='airflow' AIRFLOW_CTX_DAG_ID='watchlist_load' AIRFLOW_CTX_TASK_ID='update_watchlist' AIRFLOW_CTX_EXECUTION_DATE='2024-01-01T00:00:00+00:00' AIRFLOW_CTX_TRY_NUMBER='1' AIRFLOW_CTX_DAG_RUN_ID='scheduled__2024-01-01T00:00:00+00:00'
[2026-02-15T23:30:48.822+0000] {crypto.py:82} WARNING - empty cryptography key - values will not be stored encrypted.
[2026-02-15T23:30:48.824+0000] {base.py:83} INFO - Using connection ID 'minio_s3_conn' for task execution.
[2026-02-15T23:30:48.825+0000] {connection_wrapper.py:378} INFO - AWS Connection (conn_id='minio_s3_conn', conn_type='aws') credentials retrieved from login and password.
[2026-02-15T23:30:49.003+0000] {logging_mixin.py:188} INFO - 📋 IDs a processar: ['venice-token', 'initia', 'bitcoin', 'ethereum', 'bittensor', 'solana', 'chainlink', 'pendle', 'pi-network', 'ripple', 'plasma', 'celestia', 'layerzero', 'pudgy-penguins', 'pepe']
[2026-02-15T23:30:49.005+0000] {base.py:83} INFO - Using connection ID 'postgres_dw' for task execution.
[2026-02-15T23:30:49.025+0000] {taskinstance.py:2698} ERROR - Task failed with exception
Traceback (most recent call last):
  File "/home/airflow/.local/lib/python3.10/site-packages/airflow/models/taskinstance.py", line 433, in _execute_task
    result = execute_callable(context=context, **execute_callable_kwargs)
  File "/home/airflow/.local/lib/python3.10/site-packages/airflow/operators/python.py", line 199, in execute
    return_value = self.execute_callable()
  File "/home/airflow/.local/lib/python3.10/site-packages/airflow/operators/python.py", line 216, in execute_callable
    return self.python_callable(*self.op_args, **self.op_kwargs)
  File "/opt/airflow/dags/watchlist_load.py", line 107, in update_watchlist_from_s3
    cursor.execute(insert_query, (coin_id,))
psycopg2.errors.UndefinedColumn: column "source" of relation "coin_watchlist" does not exist
LINE 2: ...      INSERT INTO dh_raw.coin_watchlist (coin_id, source, ad...
                                                             ^

[2026-02-15T23:30:49.037+0000] {taskinstance.py:1138} INFO - Marking task as UP_FOR_RETRY. dag_id=watchlist_load, task_id=update_watchlist, execution_date=20240101T000000, start_date=20260215T233048, end_date=20260215T233049
[2026-02-15T23:30:49.071+0000] {standard_task_runner.py:107} ERROR - Failed to execute job 3 for task update_watchlist (column "source" of relation "coin_watchlist" does not exist
LINE 2: ...      INSERT INTO dh_raw.coin_watchlist (coin_id, source, ad...
                                                             ^
; 136)
[2026-02-15T23:30:49.122+0000] {local_task_job_runner.py:234} INFO - Task exited with return code 1
[2026-02-15T23:30:49.136+0000] {taskinstance.py:3280} INFO - 0 downstream tasks scheduled from follow-on schedule check
